{"uid":"ff81004d3d8b5bb2","name":"test_verify_gmail_cards_synced_to_trello","fullName":"tests.api.test_sync_logic.TestGmailTrelloSync#test_verify_gmail_cards_synced_to_trello","historyId":"30efa6cf01f1f45a9a80ced753161313","time":{"start":1767000089350,"stop":1767000089622,"duration":272},"description":"\n        Task 2: Validate sync logic using a dedicated Logic Verifier.\n        ","descriptionHtml":"<pre><code>    Task 2: Validate sync logic using a dedicated Logic Verifier.\n</code></pre>\n","status":"failed","statusMessage":"AssertionError: Soft Assert failed with 14 errors. Check Allure report or logs for details.","statusTrace":"self = <allure_commons._allure.fixture object at 0x7f9dc7410bb0>, args = ()\nkwargs = {}\n\n    def __call__(self, *args, **kwargs):\n        self.parameters = func_parameters(self._fixture_function, *args, **kwargs)\n    \n        with self:\n>           return self._fixture_function(*args, **kwargs)\n\n/usr/local/lib/python3.10/dist-packages/allure_commons/_allure.py:231: \n_ _ _ _ _ _ _ _ _ _ _ _ _ _ _ _ _ _ _ _ _ _ _ _ _ _ _ _ _ _ _ _ _ _ _ _ _ _ _ _ \nconftest.py:30: in soft_assert\n    asserter.assert_all()\n_ _ _ _ _ _ _ _ _ _ _ _ _ _ _ _ _ _ _ _ _ _ _ _ _ _ _ _ _ _ _ _ _ _ _ _ _ _ _ _ \n\nself = <infra.utils.soft_assert.SoftAssert object at 0x7f9dc7412260>\n\n    def assert_all(self):\n        \"\"\"\n        Raises an AssertionError if any errors were collected.\n        \"\"\"\n        if self._errors:\n            error_count = len(self._errors)\n            report = \"\\n\".join(self._errors)\n    \n            # Attach full report to Allure before crashing\n            allure.attach(report, name=\"Full Failure Report\", attachment_type=allure.attachment_type.TEXT)\n    \n>           raise AssertionError(f\"Soft Assert failed with {error_count} errors. Check Allure report or logs for details.\")\nE           AssertionError: Soft Assert failed with 14 errors. Check Allure report or logs for details.\n\ninfra/utils/soft_assert.py:44: AssertionError","flaky":false,"newFailed":false,"newBroken":false,"newPassed":false,"retriesCount":0,"retriesStatusChange":false,"beforeStages":[{"name":"pytestconfig","time":{"start":1767000089348,"stop":1767000089348,"duration":0},"status":"passed","steps":[],"attachments":[],"parameters":[],"stepsCount":0,"shouldDisplayMessage":false,"attachmentsCount":0,"hasContent":false,"attachmentStep":false},{"name":"_verify_url","time":{"start":1767000089348,"stop":1767000089348,"duration":0},"status":"passed","steps":[],"attachments":[],"parameters":[],"stepsCount":0,"shouldDisplayMessage":false,"attachmentsCount":0,"hasContent":false,"attachmentStep":false},{"name":"base_url","time":{"start":1767000089348,"stop":1767000089348,"duration":0},"status":"passed","steps":[],"attachments":[],"parameters":[],"stepsCount":0,"shouldDisplayMessage":false,"attachmentsCount":0,"hasContent":false,"attachmentStep":false},{"name":"gmail_client","time":{"start":1767000089349,"stop":1767000089349,"duration":0},"status":"passed","steps":[],"attachments":[],"parameters":[],"stepsCount":0,"shouldDisplayMessage":false,"attachmentsCount":0,"hasContent":false,"attachmentStep":false},{"name":"soft_assert","time":{"start":1767000089349,"stop":1767000089349,"duration":0},"status":"passed","steps":[],"attachments":[],"parameters":[],"stepsCount":0,"shouldDisplayMessage":false,"attachmentsCount":0,"hasContent":false,"attachmentStep":false},{"name":"trello_client","time":{"start":1767000089349,"stop":1767000089349,"duration":0},"status":"passed","steps":[],"attachments":[],"parameters":[],"stepsCount":0,"shouldDisplayMessage":false,"attachmentsCount":0,"hasContent":false,"attachmentStep":false},{"name":"delete_output_dir","time":{"start":1767000089349,"stop":1767000089349,"duration":0},"status":"passed","steps":[],"attachments":[],"parameters":[],"stepsCount":0,"shouldDisplayMessage":false,"attachmentsCount":0,"hasContent":false,"attachmentStep":false}],"testStage":{"description":"\n        Task 2: Validate sync logic using a dedicated Logic Verifier.\n        ","status":"failed","statusMessage":"AssertionError: Soft Assert failed with 14 errors. Check Allure report or logs for details.","statusTrace":"self = <allure_commons._allure.fixture object at 0x7f9dc7410bb0>, args = ()\nkwargs = {}\n\n    def __call__(self, *args, **kwargs):\n        self.parameters = func_parameters(self._fixture_function, *args, **kwargs)\n    \n        with self:\n>           return self._fixture_function(*args, **kwargs)\n\n/usr/local/lib/python3.10/dist-packages/allure_commons/_allure.py:231: \n_ _ _ _ _ _ _ _ _ _ _ _ _ _ _ _ _ _ _ _ _ _ _ _ _ _ _ _ _ _ _ _ _ _ _ _ _ _ _ _ \nconftest.py:30: in soft_assert\n    asserter.assert_all()\n_ _ _ _ _ _ _ _ _ _ _ _ _ _ _ _ _ _ _ _ _ _ _ _ _ _ _ _ _ _ _ _ _ _ _ _ _ _ _ _ \n\nself = <infra.utils.soft_assert.SoftAssert object at 0x7f9dc7412260>\n\n    def assert_all(self):\n        \"\"\"\n        Raises an AssertionError if any errors were collected.\n        \"\"\"\n        if self._errors:\n            error_count = len(self._errors)\n            report = \"\\n\".join(self._errors)\n    \n            # Attach full report to Allure before crashing\n            allure.attach(report, name=\"Full Failure Report\", attachment_type=allure.attachment_type.TEXT)\n    \n>           raise AssertionError(f\"Soft Assert failed with {error_count} errors. Check Allure report or logs for details.\")\nE           AssertionError: Soft Assert failed with 14 errors. Check Allure report or logs for details.\n\ninfra/utils/soft_assert.py:44: AssertionError","steps":[{"name":"Step 1: Verify all Gmail cards exist in Trello with correct content","time":{"start":1767000089618,"stop":1767000089621,"duration":3},"status":"passed","steps":[{"name":"Soft Assert Failed: CONTENT MISMATCH in 'Clean up mail': Expected text...","time":{"start":1767000089618,"stop":1767000089618,"duration":0},"status":"passed","steps":[],"attachments":[{"uid":"bffba5ab0ef13543","name":"Failure Details","source":"bffba5ab0ef13543.txt","type":"text/plain","size":74}],"parameters":[],"stepsCount":0,"shouldDisplayMessage":false,"attachmentsCount":1,"hasContent":true,"attachmentStep":false},{"name":"Checking missing card: <built-in method title of str object at 0x7f9dc745c210>","time":{"start":1767000089618,"stop":1767000089619,"duration":1},"status":"passed","steps":[{"name":"Soft Assert Failed: [MISSING CARD] 'Coffee break' exists in Gmail but ...","time":{"start":1767000089619,"stop":1767000089619,"duration":0},"status":"passed","steps":[],"attachments":[{"uid":"349627f1faca5b27","name":"Failure Details","source":"349627f1faca5b27.txt","type":"text/plain","size":64}],"parameters":[],"stepsCount":0,"shouldDisplayMessage":false,"attachmentsCount":1,"hasContent":true,"attachmentStep":false}],"attachments":[],"parameters":[{"name":"expected","value":"CardModal(title='Coffee break', description='[cid:image001.png@01DB5BA8.B2AF7C40]', labels=['New'])"}],"stepsCount":1,"shouldDisplayMessage":false,"attachmentsCount":1,"hasContent":true,"attachmentStep":false},{"name":"Checking missing card: <built-in method title of str object at 0x7f9dc743c8a0>","time":{"start":1767000089619,"stop":1767000089619,"duration":0},"status":"passed","steps":[{"name":"Soft Assert Failed: [MISSING CARD] 'If you see it on board this is not...","time":{"start":1767000089619,"stop":1767000089619,"duration":0},"status":"passed","steps":[],"attachments":[{"uid":"934b01c4b0a047f7","name":"Failure Details","source":"934b01c4b0a047f7.txt","type":"text/plain","size":94}],"parameters":[],"stepsCount":0,"shouldDisplayMessage":false,"attachmentsCount":1,"hasContent":true,"attachmentStep":false}],"attachments":[],"parameters":[{"name":"expected","value":"CardModal(title='If you see it on board this is not good :(', description='', labels=['New'])"}],"stepsCount":1,"shouldDisplayMessage":false,"attachmentsCount":1,"hasContent":true,"attachmentStep":false},{"name":"Soft Assert Failed: LABEL MISMATCH: 'Have a great year' expected 'Urge...","time":{"start":1767000089619,"stop":1767000089619,"duration":0},"status":"passed","steps":[],"attachments":[{"uid":"2de5121da068e5da","name":"Failure Details","source":"2de5121da068e5da.txt","type":"text/plain","size":60}],"parameters":[],"stepsCount":0,"shouldDisplayMessage":false,"attachmentsCount":1,"hasContent":true,"attachmentStep":false},{"name":"Soft Assert Failed: CONTENT MISMATCH in 'Baking secrets': Expected tex...","time":{"start":1767000089619,"stop":1767000089619,"duration":0},"status":"passed","steps":[],"attachments":[{"uid":"b316a97026c97bbb","name":"Failure Details","source":"b316a97026c97bbb.txt","type":"text/plain","size":77}],"parameters":[],"stepsCount":0,"shouldDisplayMessage":false,"attachmentsCount":1,"hasContent":true,"attachmentStep":false},{"name":"Soft Assert Failed: CONTENT MISMATCH in 'Policy': Expected text 'A new...","time":{"start":1767000089619,"stop":1767000089620,"duration":1},"status":"passed","steps":[],"attachments":[{"uid":"277a00404fbeb249","name":"Failure Details","source":"277a00404fbeb249.txt","type":"text/plain","size":91}],"parameters":[],"stepsCount":0,"shouldDisplayMessage":false,"attachmentsCount":1,"hasContent":true,"attachmentStep":false},{"name":"Checking missing card: <built-in method title of str object at 0x7f9dc74181b0>","time":{"start":1767000089620,"stop":1767000089620,"duration":0},"status":"passed","steps":[{"name":"Soft Assert Failed: [MISSING CARD] 'RND gathering' exists in Gmail but...","time":{"start":1767000089620,"stop":1767000089620,"duration":0},"status":"passed","steps":[],"attachments":[{"uid":"46b26ee9527c4d14","name":"Failure Details","source":"46b26ee9527c4d14.txt","type":"text/plain","size":65}],"parameters":[],"stepsCount":0,"shouldDisplayMessage":false,"attachmentsCount":1,"hasContent":true,"attachmentStep":false}],"attachments":[],"parameters":[{"name":"expected","value":"CardModal(title='RND gathering', description='', labels=['New'])"}],"stepsCount":1,"shouldDisplayMessage":false,"attachmentsCount":1,"hasContent":true,"attachmentStep":false},{"name":"Checking missing card: <built-in method title of str object at 0x7f9dc743c930>","time":{"start":1767000089620,"stop":1767000089620,"duration":0},"status":"passed","steps":[{"name":"Soft Assert Failed: [MISSING CARD] 'End of the month Task:' exists in ...","time":{"start":1767000089620,"stop":1767000089620,"duration":0},"status":"passed","steps":[],"attachments":[{"uid":"2132e8c17967736d","name":"Failure Details","source":"2132e8c17967736d.txt","type":"text/plain","size":74}],"parameters":[],"stepsCount":0,"shouldDisplayMessage":false,"attachmentsCount":1,"hasContent":true,"attachmentStep":false}],"attachments":[],"parameters":[{"name":"expected","value":"CardModal(title='End of the month Task:', description='This is good', labels=['New'])"}],"stepsCount":1,"shouldDisplayMessage":false,"attachmentsCount":1,"hasContent":true,"attachmentStep":false},{"name":"Soft Assert Failed: CONTENT MISMATCH in 'Sync with the new employees':...","time":{"start":1767000089620,"stop":1767000089620,"duration":0},"status":"passed","steps":[],"attachments":[{"uid":"38bf227320364a58","name":"Failure Details","source":"38bf227320364a58.txt","type":"text/plain","size":88}],"parameters":[],"stepsCount":0,"shouldDisplayMessage":false,"attachmentsCount":1,"hasContent":true,"attachmentStep":false},{"name":"Checking missing card: <built-in method title of str object at 0x7f9dc73ece70>","time":{"start":1767000089620,"stop":1767000089621,"duration":1},"status":"passed","steps":[{"name":"Soft Assert Failed: [MISSING CARD] 'Celebrate the New Year' exists in ...","time":{"start":1767000089620,"stop":1767000089620,"duration":0},"status":"passed","steps":[],"attachments":[{"uid":"6998db2b0247df4f","name":"Failure Details","source":"6998db2b0247df4f.txt","type":"text/plain","size":74}],"parameters":[],"stepsCount":0,"shouldDisplayMessage":false,"attachmentsCount":1,"hasContent":true,"attachmentStep":false}],"attachments":[],"parameters":[{"name":"expected","value":"CardModal(title='Celebrate the New Year', description='Donâ€™t forget to invite all of your friends', labels=['New'])"}],"stepsCount":1,"shouldDisplayMessage":false,"attachmentsCount":1,"hasContent":true,"attachmentStep":false},{"name":"Checking missing card: <built-in method title of str object at 0x7f9dc745c5d0>","time":{"start":1767000089621,"stop":1767000089621,"duration":0},"status":"passed","steps":[{"name":"Soft Assert Failed: [MISSING CARD] 'Hi! and welcome to your new enviro...","time":{"start":1767000089621,"stop":1767000089621,"duration":0},"status":"passed","steps":[],"attachments":[{"uid":"badb0b3caf8282a0","name":"Failure Details","source":"badb0b3caf8282a0.txt","type":"text/plain","size":91}],"parameters":[],"stepsCount":0,"shouldDisplayMessage":false,"attachmentsCount":1,"hasContent":true,"attachmentStep":false}],"attachments":[],"parameters":[{"name":"expected","value":"CardModal(title='Hi! and welcome to your new environment', description='Suspicious link', labels=['New'])"}],"stepsCount":1,"shouldDisplayMessage":false,"attachmentsCount":1,"hasContent":true,"attachmentStep":false},{"name":"Checking missing card: <built-in method title of str object at 0x7f9dc745c670>","time":{"start":1767000089621,"stop":1767000089621,"duration":0},"status":"passed","steps":[{"name":"Soft Assert Failed: [MISSING CARD] 'schedule some time for 1:1' exists...","time":{"start":1767000089621,"stop":1767000089621,"duration":0},"status":"passed","steps":[],"attachments":[{"uid":"70dfe7a99e7fc26","name":"Failure Details","source":"70dfe7a99e7fc26.txt","type":"text/plain","size":78}],"parameters":[],"stepsCount":0,"shouldDisplayMessage":false,"attachmentsCount":1,"hasContent":true,"attachmentStep":false}],"attachments":[],"parameters":[{"name":"expected","value":"CardModal(title='schedule some time for 1:1', description='Should take about 1 hour', labels=['New'])"}],"stepsCount":1,"shouldDisplayMessage":false,"attachmentsCount":1,"hasContent":true,"attachmentStep":false},{"name":"Soft Assert Failed: CONTENT MISMATCH in 'read the policies': Expected ...","time":{"start":1767000089621,"stop":1767000089621,"duration":0},"status":"passed","steps":[],"attachments":[{"uid":"db039d43de385b23","name":"Failure Details","source":"db039d43de385b23.txt","type":"text/plain","size":96}],"parameters":[],"stepsCount":0,"shouldDisplayMessage":false,"attachmentsCount":1,"hasContent":true,"attachmentStep":false}],"attachments":[],"parameters":[],"stepsCount":20,"shouldDisplayMessage":false,"attachmentsCount":13,"hasContent":true,"attachmentStep":false},{"name":"Step 2: Verify Trello Board Integrity (No Duplicates/Dirty Data)","time":{"start":1767000089621,"stop":1767000089622,"duration":1},"status":"passed","steps":[{"name":"Soft Assert Failed: [BUG - DIRTY DATA] Found invalid card: 'Task: Have...","time":{"start":1767000089621,"stop":1767000089622,"duration":1},"status":"passed","steps":[],"attachments":[{"uid":"292383da7f55ae5a","name":"Failure Details","source":"292383da7f55ae5a.txt","type":"text/plain","size":91}],"parameters":[],"stepsCount":0,"shouldDisplayMessage":false,"attachmentsCount":1,"hasContent":true,"attachmentStep":false}],"attachments":[],"parameters":[],"stepsCount":1,"shouldDisplayMessage":false,"attachmentsCount":1,"hasContent":true,"attachmentStep":false}],"attachments":[{"uid":"1c2988aa4ddd729c","name":"log","source":"1c2988aa4ddd729c.txt","type":"text/plain","size":1964},{"uid":"e2b1797b0683d7f3","name":"stdout","source":"e2b1797b0683d7f3.txt","type":"text/plain","size":2206}],"parameters":[],"stepsCount":23,"shouldDisplayMessage":true,"attachmentsCount":16,"hasContent":true,"attachmentStep":false},"afterStages":[{"name":"soft_assert::0","time":{"start":1767000089626,"stop":1767000089627,"duration":1},"status":"failed","statusMessage":"AssertionError: Soft Assert failed with 14 errors. Check Allure report or logs for details.\n","statusTrace":"  File \"/usr/local/lib/python3.10/dist-packages/allure_commons/_allure.py\", line 231, in __call__\n    return self._fixture_function(*args, **kwargs)\n  File \"/usr/local/lib/python3.10/dist-packages/_pytest/fixtures.py\", line 924, in _teardown_yield_fixture\n    next(it)\n  File \"/app/conftest.py\", line 30, in soft_assert\n    asserter.assert_all()\n  File \"/app/infra/utils/soft_assert.py\", line 44, in assert_all\n    raise AssertionError(f\"Soft Assert failed with {error_count} errors. Check Allure report or logs for details.\")\n","steps":[],"attachments":[{"uid":"eacb6a5a5948fe75","name":"Full Failure Report","source":"eacb6a5a5948fe75.txt","type":"text/plain","size":1270}],"parameters":[],"stepsCount":0,"shouldDisplayMessage":true,"attachmentsCount":1,"hasContent":true,"attachmentStep":false}],"labels":[{"name":"parentSuite","value":"tests.api"},{"name":"suite","value":"test_sync_logic"},{"name":"subSuite","value":"TestGmailTrelloSync"},{"name":"host","value":"17a0b148adb3"},{"name":"thread","value":"9-MainThread"},{"name":"framework","value":"pytest"},{"name":"language","value":"cpython3"},{"name":"package","value":"tests.api.test_sync_logic"},{"name":"resultFormat","value":"allure2"}],"parameters":[],"links":[],"hidden":false,"retry":false,"extra":{"severity":"normal","retries":[],"categories":[{"name":"Product defects","matchedStatuses":[],"flaky":false}],"history":{"statistic":{"failed":3,"broken":0,"skipped":0,"passed":0,"unknown":0,"total":3},"items":[{"uid":"d6d9fbad0ef040bc","reportUrl":"https://keinar.github.io/Gmail-to-Trello/6/#testresult/d6d9fbad0ef040bc","status":"failed","statusDetails":"AssertionError: Soft Assert failed with 14 errors. Check Allure report or logs for details.","time":{"start":1766999275474,"stop":1766999275720,"duration":246}},{"uid":"b71b5622ec53a46","reportUrl":"https://keinar.github.io/Gmail-to-Trello/5/#testresult/b71b5622ec53a46","status":"failed","statusDetails":"AssertionError: Soft Assert failed with 14 errors. Check Allure report or logs for details.","time":{"start":1766998249223,"stop":1766998249464,"duration":241}}]},"tags":[]},"source":"ff81004d3d8b5bb2.json","parameterValues":[]}