{"uid":"d6d9fbad0ef040bc","name":"test_verify_gmail_cards_synced_to_trello","fullName":"tests.api.test_sync_logic.TestGmailTrelloSync#test_verify_gmail_cards_synced_to_trello","historyId":"30efa6cf01f1f45a9a80ced753161313","time":{"start":1766999275474,"stop":1766999275720,"duration":246},"description":"\n        Task 2: Validate sync logic using a dedicated Logic Verifier.\n        ","descriptionHtml":"<pre><code>    Task 2: Validate sync logic using a dedicated Logic Verifier.\n</code></pre>\n","status":"failed","statusMessage":"AssertionError: Soft Assert failed with 14 errors. Check Allure report or logs for details.","statusTrace":"self = <allure_commons._allure.fixture object at 0x7f8ac2d44bb0>, args = ()\nkwargs = {}\n\n    def __call__(self, *args, **kwargs):\n        self.parameters = func_parameters(self._fixture_function, *args, **kwargs)\n    \n        with self:\n>           return self._fixture_function(*args, **kwargs)\n\n/usr/local/lib/python3.10/dist-packages/allure_commons/_allure.py:231: \n_ _ _ _ _ _ _ _ _ _ _ _ _ _ _ _ _ _ _ _ _ _ _ _ _ _ _ _ _ _ _ _ _ _ _ _ _ _ _ _ \nconftest.py:30: in soft_assert\n    asserter.assert_all()\n_ _ _ _ _ _ _ _ _ _ _ _ _ _ _ _ _ _ _ _ _ _ _ _ _ _ _ _ _ _ _ _ _ _ _ _ _ _ _ _ \n\nself = <infra.utils.soft_assert.SoftAssert object at 0x7f8ac2d46290>\n\n    def assert_all(self):\n        \"\"\"\n        Raises an AssertionError if any errors were collected.\n        \"\"\"\n        if self._errors:\n            error_count = len(self._errors)\n            report = \"\\n\".join(self._errors)\n    \n            # Attach full report to Allure before crashing\n            allure.attach(report, name=\"Full Failure Report\", attachment_type=allure.attachment_type.TEXT)\n    \n>           raise AssertionError(f\"Soft Assert failed with {error_count} errors. Check Allure report or logs for details.\")\nE           AssertionError: Soft Assert failed with 14 errors. Check Allure report or logs for details.\n\ninfra/utils/soft_assert.py:44: AssertionError","flaky":false,"newFailed":false,"newBroken":false,"newPassed":false,"retriesCount":0,"retriesStatusChange":false,"beforeStages":[{"name":"base_url","time":{"start":1766999275471,"stop":1766999275471,"duration":0},"status":"passed","steps":[],"attachments":[],"parameters":[],"stepsCount":0,"shouldDisplayMessage":false,"attachmentsCount":0,"hasContent":false,"attachmentStep":false},{"name":"_verify_url","time":{"start":1766999275471,"stop":1766999275471,"duration":0},"status":"passed","steps":[],"attachments":[],"parameters":[],"stepsCount":0,"shouldDisplayMessage":false,"attachmentsCount":0,"hasContent":false,"attachmentStep":false},{"name":"delete_output_dir","time":{"start":1766999275472,"stop":1766999275472,"duration":0},"status":"passed","steps":[],"attachments":[],"parameters":[],"stepsCount":0,"shouldDisplayMessage":false,"attachmentsCount":0,"hasContent":false,"attachmentStep":false},{"name":"soft_assert","time":{"start":1766999275472,"stop":1766999275473,"duration":1},"status":"passed","steps":[],"attachments":[],"parameters":[],"stepsCount":0,"shouldDisplayMessage":false,"attachmentsCount":0,"hasContent":false,"attachmentStep":false},{"name":"gmail_client","time":{"start":1766999275472,"stop":1766999275472,"duration":0},"status":"passed","steps":[],"attachments":[],"parameters":[],"stepsCount":0,"shouldDisplayMessage":false,"attachmentsCount":0,"hasContent":false,"attachmentStep":false},{"name":"pytestconfig","time":{"start":1766999275472,"stop":1766999275472,"duration":0},"status":"passed","steps":[],"attachments":[],"parameters":[],"stepsCount":0,"shouldDisplayMessage":false,"attachmentsCount":0,"hasContent":false,"attachmentStep":false},{"name":"trello_client","time":{"start":1766999275472,"stop":1766999275472,"duration":0},"status":"passed","steps":[],"attachments":[],"parameters":[],"stepsCount":0,"shouldDisplayMessage":false,"attachmentsCount":0,"hasContent":false,"attachmentStep":false}],"testStage":{"description":"\n        Task 2: Validate sync logic using a dedicated Logic Verifier.\n        ","status":"failed","statusMessage":"AssertionError: Soft Assert failed with 14 errors. Check Allure report or logs for details.","statusTrace":"self = <allure_commons._allure.fixture object at 0x7f8ac2d44bb0>, args = ()\nkwargs = {}\n\n    def __call__(self, *args, **kwargs):\n        self.parameters = func_parameters(self._fixture_function, *args, **kwargs)\n    \n        with self:\n>           return self._fixture_function(*args, **kwargs)\n\n/usr/local/lib/python3.10/dist-packages/allure_commons/_allure.py:231: \n_ _ _ _ _ _ _ _ _ _ _ _ _ _ _ _ _ _ _ _ _ _ _ _ _ _ _ _ _ _ _ _ _ _ _ _ _ _ _ _ \nconftest.py:30: in soft_assert\n    asserter.assert_all()\n_ _ _ _ _ _ _ _ _ _ _ _ _ _ _ _ _ _ _ _ _ _ _ _ _ _ _ _ _ _ _ _ _ _ _ _ _ _ _ _ \n\nself = <infra.utils.soft_assert.SoftAssert object at 0x7f8ac2d46290>\n\n    def assert_all(self):\n        \"\"\"\n        Raises an AssertionError if any errors were collected.\n        \"\"\"\n        if self._errors:\n            error_count = len(self._errors)\n            report = \"\\n\".join(self._errors)\n    \n            # Attach full report to Allure before crashing\n            allure.attach(report, name=\"Full Failure Report\", attachment_type=allure.attachment_type.TEXT)\n    \n>           raise AssertionError(f\"Soft Assert failed with {error_count} errors. Check Allure report or logs for details.\")\nE           AssertionError: Soft Assert failed with 14 errors. Check Allure report or logs for details.\n\ninfra/utils/soft_assert.py:44: AssertionError","steps":[{"name":"Step 1: Verify all Gmail cards exist in Trello with correct content","time":{"start":1766999275715,"stop":1766999275719,"duration":4},"status":"passed","steps":[{"name":"Soft Assert Failed: CONTENT MISMATCH in 'Clean up mail': Expected text...","time":{"start":1766999275716,"stop":1766999275716,"duration":0},"status":"passed","steps":[],"attachments":[{"uid":"522b4b659edc5ef7","name":"Failure Details","source":"522b4b659edc5ef7.txt","type":"text/plain","size":74}],"parameters":[],"stepsCount":0,"shouldDisplayMessage":false,"attachmentsCount":1,"hasContent":true,"attachmentStep":false},{"name":"Checking missing card: <built-in method title of str object at 0x7f8ac2d94210>","time":{"start":1766999275716,"stop":1766999275717,"duration":1},"status":"passed","steps":[{"name":"Soft Assert Failed: [MISSING CARD] 'Coffee break' exists in Gmail but ...","time":{"start":1766999275717,"stop":1766999275717,"duration":0},"status":"passed","steps":[],"attachments":[{"uid":"92b3fafefea56a65","name":"Failure Details","source":"92b3fafefea56a65.txt","type":"text/plain","size":64}],"parameters":[],"stepsCount":0,"shouldDisplayMessage":false,"attachmentsCount":1,"hasContent":true,"attachmentStep":false}],"attachments":[],"parameters":[{"name":"expected","value":"CardModal(title='Coffee break', description='[cid:image001.png@01DB5BA8.B2AF7C40]', labels=['New'])"}],"stepsCount":1,"shouldDisplayMessage":false,"attachmentsCount":1,"hasContent":true,"attachmentStep":false},{"name":"Checking missing card: <built-in method title of str object at 0x7f8ac2d748a0>","time":{"start":1766999275717,"stop":1766999275717,"duration":0},"status":"passed","steps":[{"name":"Soft Assert Failed: [MISSING CARD] 'If you see it on board this is not...","time":{"start":1766999275717,"stop":1766999275717,"duration":0},"status":"passed","steps":[],"attachments":[{"uid":"9387be00080141a9","name":"Failure Details","source":"9387be00080141a9.txt","type":"text/plain","size":94}],"parameters":[],"stepsCount":0,"shouldDisplayMessage":false,"attachmentsCount":1,"hasContent":true,"attachmentStep":false}],"attachments":[],"parameters":[{"name":"expected","value":"CardModal(title='If you see it on board this is not good :(', description='', labels=['New'])"}],"stepsCount":1,"shouldDisplayMessage":false,"attachmentsCount":1,"hasContent":true,"attachmentStep":false},{"name":"Soft Assert Failed: LABEL MISMATCH: 'Have a great year' expected 'Urge...","time":{"start":1766999275717,"stop":1766999275717,"duration":0},"status":"passed","steps":[],"attachments":[{"uid":"5e2edbbbd60ce08a","name":"Failure Details","source":"5e2edbbbd60ce08a.txt","type":"text/plain","size":60}],"parameters":[],"stepsCount":0,"shouldDisplayMessage":false,"attachmentsCount":1,"hasContent":true,"attachmentStep":false},{"name":"Soft Assert Failed: CONTENT MISMATCH in 'Baking secrets': Expected tex...","time":{"start":1766999275717,"stop":1766999275717,"duration":0},"status":"passed","steps":[],"attachments":[{"uid":"8da4305297e8dfe0","name":"Failure Details","source":"8da4305297e8dfe0.txt","type":"text/plain","size":77}],"parameters":[],"stepsCount":0,"shouldDisplayMessage":false,"attachmentsCount":1,"hasContent":true,"attachmentStep":false},{"name":"Soft Assert Failed: CONTENT MISMATCH in 'Policy': Expected text 'A new...","time":{"start":1766999275717,"stop":1766999275718,"duration":1},"status":"passed","steps":[],"attachments":[{"uid":"b26ed9fc4cbb3284","name":"Failure Details","source":"b26ed9fc4cbb3284.txt","type":"text/plain","size":91}],"parameters":[],"stepsCount":0,"shouldDisplayMessage":false,"attachmentsCount":1,"hasContent":true,"attachmentStep":false},{"name":"Checking missing card: <built-in method title of str object at 0x7f8ac2d4c1b0>","time":{"start":1766999275718,"stop":1766999275718,"duration":0},"status":"passed","steps":[{"name":"Soft Assert Failed: [MISSING CARD] 'RND gathering' exists in Gmail but...","time":{"start":1766999275718,"stop":1766999275718,"duration":0},"status":"passed","steps":[],"attachments":[{"uid":"cac697bd6fcbd1e5","name":"Failure Details","source":"cac697bd6fcbd1e5.txt","type":"text/plain","size":65}],"parameters":[],"stepsCount":0,"shouldDisplayMessage":false,"attachmentsCount":1,"hasContent":true,"attachmentStep":false}],"attachments":[],"parameters":[{"name":"expected","value":"CardModal(title='RND gathering', description='', labels=['New'])"}],"stepsCount":1,"shouldDisplayMessage":false,"attachmentsCount":1,"hasContent":true,"attachmentStep":false},{"name":"Checking missing card: <built-in method title of str object at 0x7f8ac2d74930>","time":{"start":1766999275718,"stop":1766999275718,"duration":0},"status":"passed","steps":[{"name":"Soft Assert Failed: [MISSING CARD] 'End of the month Task:' exists in ...","time":{"start":1766999275718,"stop":1766999275718,"duration":0},"status":"passed","steps":[],"attachments":[{"uid":"a092fcbcafb44741","name":"Failure Details","source":"a092fcbcafb44741.txt","type":"text/plain","size":74}],"parameters":[],"stepsCount":0,"shouldDisplayMessage":false,"attachmentsCount":1,"hasContent":true,"attachmentStep":false}],"attachments":[],"parameters":[{"name":"expected","value":"CardModal(title='End of the month Task:', description='This is good', labels=['New'])"}],"stepsCount":1,"shouldDisplayMessage":false,"attachmentsCount":1,"hasContent":true,"attachmentStep":false},{"name":"Soft Assert Failed: CONTENT MISMATCH in 'Sync with the new employees':...","time":{"start":1766999275718,"stop":1766999275718,"duration":0},"status":"passed","steps":[],"attachments":[{"uid":"a333438762e26b75","name":"Failure Details","source":"a333438762e26b75.txt","type":"text/plain","size":88}],"parameters":[],"stepsCount":0,"shouldDisplayMessage":false,"attachmentsCount":1,"hasContent":true,"attachmentStep":false},{"name":"Checking missing card: <built-in method title of str object at 0x7f8ac2d24e70>","time":{"start":1766999275718,"stop":1766999275719,"duration":1},"status":"passed","steps":[{"name":"Soft Assert Failed: [MISSING CARD] 'Celebrate the New Year' exists in ...","time":{"start":1766999275718,"stop":1766999275719,"duration":1},"status":"passed","steps":[],"attachments":[{"uid":"7252be621f76070a","name":"Failure Details","source":"7252be621f76070a.txt","type":"text/plain","size":74}],"parameters":[],"stepsCount":0,"shouldDisplayMessage":false,"attachmentsCount":1,"hasContent":true,"attachmentStep":false}],"attachments":[],"parameters":[{"name":"expected","value":"CardModal(title='Celebrate the New Year', description='Donâ€™t forget to invite all of your friends', labels=['New'])"}],"stepsCount":1,"shouldDisplayMessage":false,"attachmentsCount":1,"hasContent":true,"attachmentStep":false},{"name":"Checking missing card: <built-in method title of str object at 0x7f8ac2d945d0>","time":{"start":1766999275719,"stop":1766999275719,"duration":0},"status":"passed","steps":[{"name":"Soft Assert Failed: [MISSING CARD] 'Hi! and welcome to your new enviro...","time":{"start":1766999275719,"stop":1766999275719,"duration":0},"status":"passed","steps":[],"attachments":[{"uid":"caece442daca4fbc","name":"Failure Details","source":"caece442daca4fbc.txt","type":"text/plain","size":91}],"parameters":[],"stepsCount":0,"shouldDisplayMessage":false,"attachmentsCount":1,"hasContent":true,"attachmentStep":false}],"attachments":[],"parameters":[{"name":"expected","value":"CardModal(title='Hi! and welcome to your new environment', description='Suspicious link', labels=['New'])"}],"stepsCount":1,"shouldDisplayMessage":false,"attachmentsCount":1,"hasContent":true,"attachmentStep":false},{"name":"Checking missing card: <built-in method title of str object at 0x7f8ac2d94670>","time":{"start":1766999275719,"stop":1766999275719,"duration":0},"status":"passed","steps":[{"name":"Soft Assert Failed: [MISSING CARD] 'schedule some time for 1:1' exists...","time":{"start":1766999275719,"stop":1766999275719,"duration":0},"status":"passed","steps":[],"attachments":[{"uid":"34e4e0b756bf4c51","name":"Failure Details","source":"34e4e0b756bf4c51.txt","type":"text/plain","size":78}],"parameters":[],"stepsCount":0,"shouldDisplayMessage":false,"attachmentsCount":1,"hasContent":true,"attachmentStep":false}],"attachments":[],"parameters":[{"name":"expected","value":"CardModal(title='schedule some time for 1:1', description='Should take about 1 hour', labels=['New'])"}],"stepsCount":1,"shouldDisplayMessage":false,"attachmentsCount":1,"hasContent":true,"attachmentStep":false},{"name":"Soft Assert Failed: CONTENT MISMATCH in 'read the policies': Expected ...","time":{"start":1766999275719,"stop":1766999275719,"duration":0},"status":"passed","steps":[],"attachments":[{"uid":"63bd8ea02894517d","name":"Failure Details","source":"63bd8ea02894517d.txt","type":"text/plain","size":96}],"parameters":[],"stepsCount":0,"shouldDisplayMessage":false,"attachmentsCount":1,"hasContent":true,"attachmentStep":false}],"attachments":[],"parameters":[],"stepsCount":20,"shouldDisplayMessage":false,"attachmentsCount":13,"hasContent":true,"attachmentStep":false},{"name":"Step 2: Verify Trello Board Integrity (No Duplicates/Dirty Data)","time":{"start":1766999275719,"stop":1766999275720,"duration":1},"status":"passed","steps":[{"name":"Soft Assert Failed: [BUG - DIRTY DATA] Found invalid card: 'Task: Have...","time":{"start":1766999275720,"stop":1766999275720,"duration":0},"status":"passed","steps":[],"attachments":[{"uid":"9e21e4fde6d07552","name":"Failure Details","source":"9e21e4fde6d07552.txt","type":"text/plain","size":91}],"parameters":[],"stepsCount":0,"shouldDisplayMessage":false,"attachmentsCount":1,"hasContent":true,"attachmentStep":false}],"attachments":[],"parameters":[],"stepsCount":1,"shouldDisplayMessage":false,"attachmentsCount":1,"hasContent":true,"attachmentStep":false}],"attachments":[{"uid":"cb094b1eb1d4fe12","name":"log","source":"cb094b1eb1d4fe12.txt","type":"text/plain","size":1964},{"uid":"e83cd8d57bd902d4","name":"stdout","source":"e83cd8d57bd902d4.txt","type":"text/plain","size":2206}],"parameters":[],"stepsCount":23,"shouldDisplayMessage":true,"attachmentsCount":16,"hasContent":true,"attachmentStep":false},"afterStages":[{"name":"soft_assert::0","time":{"start":1766999275725,"stop":1766999275726,"duration":1},"status":"failed","statusMessage":"AssertionError: Soft Assert failed with 14 errors. Check Allure report or logs for details.\n","statusTrace":"  File \"/usr/local/lib/python3.10/dist-packages/allure_commons/_allure.py\", line 231, in __call__\n    return self._fixture_function(*args, **kwargs)\n  File \"/usr/local/lib/python3.10/dist-packages/_pytest/fixtures.py\", line 924, in _teardown_yield_fixture\n    next(it)\n  File \"/app/conftest.py\", line 30, in soft_assert\n    asserter.assert_all()\n  File \"/app/infra/utils/soft_assert.py\", line 44, in assert_all\n    raise AssertionError(f\"Soft Assert failed with {error_count} errors. Check Allure report or logs for details.\")\n","steps":[],"attachments":[{"uid":"2ddbe3557ae95e3f","name":"Full Failure Report","source":"2ddbe3557ae95e3f.txt","type":"text/plain","size":1270}],"parameters":[],"stepsCount":0,"shouldDisplayMessage":true,"attachmentsCount":1,"hasContent":true,"attachmentStep":false}],"labels":[{"name":"parentSuite","value":"tests.api"},{"name":"suite","value":"test_sync_logic"},{"name":"subSuite","value":"TestGmailTrelloSync"},{"name":"host","value":"f9c496395f12"},{"name":"thread","value":"9-MainThread"},{"name":"framework","value":"pytest"},{"name":"language","value":"cpython3"},{"name":"package","value":"tests.api.test_sync_logic"},{"name":"resultFormat","value":"allure2"}],"parameters":[],"links":[],"hidden":false,"retry":false,"extra":{"severity":"normal","retries":[],"categories":[{"name":"Product defects","matchedStatuses":[],"flaky":false}],"history":{"statistic":{"failed":2,"broken":0,"skipped":0,"passed":0,"unknown":0,"total":2},"items":[{"uid":"b71b5622ec53a46","reportUrl":"https://keinar.github.io/Gmail-to-Trello/5/#testresult/b71b5622ec53a46","status":"failed","statusDetails":"AssertionError: Soft Assert failed with 14 errors. Check Allure report or logs for details.","time":{"start":1766998249223,"stop":1766998249464,"duration":241}}]},"tags":[]},"source":"d6d9fbad0ef040bc.json","parameterValues":[]}